<?xml version="1.0" encoding="UTF-8"?>
<!-- Generated by org.testng.reporters.JUnitReportReporter -->
<testsuite hostname="DNIS-312" name="tests.LoginTest113" tests="2" failures="0" timestamp="22 Aug 2014 10:45:35 GMT" time="19.610" errors="0">
  <testcase name="login113" time="13.881" classname="tests.LoginTest113"/>
  <testcase name="logout113" time="5.729" classname="tests.LoginTest113"/>
</testsuite> <!-- tests.LoginTest113 -->
