<?xml version="1.0" encoding="UTF-8"?>
<!-- Generated by org.testng.reporters.JUnitReportReporter -->
<testsuite hostname="DNIS-312" name="tests.LoginTest113" tests="2" failures="0" timestamp="9 Sep 2014 14:38:25 GMT" time="44.969" errors="0">
  <testcase name="login113" time="26.304" classname="tests.LoginTest113"/>
  <testcase name="logout113" time="18.665" classname="tests.LoginTest113"/>
</testsuite> <!-- tests.LoginTest113 -->
