<?xml version="1.0" encoding="UTF-8"?>
<!-- Generated by org.testng.reporters.JUnitReportReporter -->
<testsuite hostname="DNIS-312" name="tests.LoginTest51" tests="2" failures="0" timestamp="9 Sep 2014 14:38:25 GMT" time="78.980" errors="0">
  <testcase name="login51" time="53.083" classname="tests.LoginTest51"/>
  <testcase name="logout51" time="25.897" classname="tests.LoginTest51"/>
</testsuite> <!-- tests.LoginTest51 -->
