<?xml version="1.0" encoding="UTF-8"?>
<!-- Generated by org.testng.reporters.JUnitReportReporter -->
<testsuite hostname="DNIS-312" name="tests.LoginTest51" tests="2" failures="0" timestamp="22 Aug 2014 10:45:35 GMT" time="27.927" errors="0">
  <testcase name="login51" time="17.582" classname="tests.LoginTest51"/>
  <testcase name="logout51" time="10.345" classname="tests.LoginTest51"/>
</testsuite> <!-- tests.LoginTest51 -->
