<?xml version="1.0" encoding="UTF-8"?>
<!-- Generated by org.testng.reporters.JUnitReportReporter -->
<testsuite hostname="DNIS-312" name="tests.LoginTest113" tests="2" failures="0" timestamp="3 Sep 2014 06:58:45 GMT" time="13.505" errors="0">
  <testcase name="logout113" time="6.033" classname="tests.LoginTest113"/>
  <testcase name="login113" time="7.472" classname="tests.LoginTest113"/>
</testsuite> <!-- tests.LoginTest113 -->
