<?xml version="1.0" encoding="UTF-8"?>
<!-- Generated by org.testng.reporters.JUnitReportReporter -->
<testsuite hostname="DNIS-312" name="tests.LoginTest51" tests="2" failures="0" timestamp="3 Sep 2014 06:58:45 GMT" time="21.175" errors="0">
  <testcase name="login51" time="15.055" classname="tests.LoginTest51"/>
  <testcase name="logout51" time="6.120" classname="tests.LoginTest51"/>
</testsuite> <!-- tests.LoginTest51 -->
