<?xml version="1.0" encoding="UTF-8"?>
<!-- Generated by org.testng.reporters.JUnitReportReporter -->
<testsuite hostname="DNIS-312" name="tests.LoginTest113" tests="2" failures="0" timestamp="21 Aug 2014 11:12:22 GMT" time="23.354" errors="0">
  <testcase name="login113" time="14.177" classname="tests.LoginTest113"/>
  <testcase name="logout113" time="9.177" classname="tests.LoginTest113"/>
</testsuite> <!-- tests.LoginTest113 -->
